<?xml version="1.0" encoding="UTF-8"?>
<testng-results ignored="0" total="1" passed="1" failed="0" skipped="0">
  <reporter-output>
  </reporter-output>
  <suite started-at="2024-01-26T21:50:15 IST" name="Suite" finished-at="2024-01-26T21:50:15 IST" duration-ms="146">
    <groups>
    </groups>
    <test started-at="2024-01-26T21:50:15 IST" name="Test" finished-at="2024-01-26T21:50:15 IST" duration-ms="146">
      <class name="automationbyselenium.TestNGkeywordParameter">
        <test-method signature="additionOfTwoNumbers(int,int)[pri:0, instance:automationbyselenium.TestNGkeywordParameter@67d48005]" started-at="2024-01-26T21:50:15 IST" name="additionOfTwoNumbers" finished-at="2024-01-26T21:50:15 IST" duration-ms="15" status="PASS">
          <params>
            <param index="0">
              <value>
                <![CDATA[10]]>
              </value>
            </param>
            <param index="1">
              <value>
                <![CDATA[20]]>
              </value>
            </param>
          </params>
          <reporter-output>
          </reporter-output>
        </test-method> <!-- additionOfTwoNumbers -->
      </class> <!-- automationbyselenium.TestNGkeywordParameter -->
    </test> <!-- Test -->
  </suite> <!-- Suite -->
</testng-results>
